This is pdfTeX, Version 3.14159265-2.6-1.40.20 (TeX Live 2019/W32TeX) (preloaded format=pdflatex 2020.2.26)  26 FEB 2020 01:52
entering extended mode
 restricted \write18 enabled.
 %&-line parsing enabled.
**presentationGenerator.tex
(./presentationGenerator.tex
LaTeX2e <2020-02-02> patch level 3
L3 programming layer <2020-02-21> (c:/Users/jesse/AppData/Roaming/TinyTeX/texmf
-dist/tex/latex/beamer/beamer.cls
Document Class: beamer 2019/09/29 v3.57 A class for typesetting presentations

(c:/Users/jesse/AppData/Roaming/TinyTeX/texmf-dist/tex/latex/beamer/beamerbasem
odes.sty
(c:/Users/jesse/AppData/Roaming/TinyTeX/texmf-dist/tex/latex/etoolbox/etoolbox.
sty
Package: etoolbox 2019/09/21 v2.5h e-TeX tools for LaTeX (JAW)
\etb@tempcnta=\count167
)
\beamer@tempbox=\box45
\beamer@tempcount=\count168
\c@beamerpauses=\count169

(c:/Users/jesse/AppData/Roaming/TinyTeX/texmf-dist/tex/latex/beamer/beamerbased
ecode.sty
\beamer@slideinframe=\count170
\beamer@minimum=\count171
\beamer@decode@box=\box46
)
\beamer@commentbox=\box47
\beamer@modecount=\count172
) (c:/Users/jesse/AppData/Roaming/TinyTeX/texmf-dist/tex/generic/iftex/ifpdf.st
y
Package: ifpdf 2019/10/25 v3.4 ifpdf legacy package. Use iftex instead.
(c:/Users/jesse/AppData/Roaming/TinyTeX/texmf-dist/tex/generic/iftex/iftex.sty
Package: iftex 2019/11/07 v1.0c TeX engine tests
))
\headdp=\dimen134
\footheight=\dimen135
\sidebarheight=\dimen136
\beamer@tempdim=\dimen137
\beamer@finalheight=\dimen138
\beamer@animht=\dimen139
\beamer@animdp=\dimen140
\beamer@animwd=\dimen141
\beamer@leftmargin=\dimen142
\beamer@rightmargin=\dimen143
\beamer@leftsidebar=\dimen144
\beamer@rightsidebar=\dimen145
\beamer@boxsize=\dimen146
\beamer@vboxoffset=\dimen147
\beamer@descdefault=\dimen148
\beamer@descriptionwidth=\dimen149
\beamer@lastskip=\skip47
\beamer@areabox=\box48
\beamer@animcurrent=\box49
\beamer@animshowbox=\box50
\beamer@sectionbox=\box51
\beamer@logobox=\box52
\beamer@linebox=\box53
\beamer@sectioncount=\count173
\beamer@subsubsectionmax=\count174
\beamer@subsectionmax=\count175
\beamer@sectionmax=\count176
\beamer@totalheads=\count177
\beamer@headcounter=\count178
\beamer@partstartpage=\count179
\beamer@sectionstartpage=\count180
\beamer@subsectionstartpage=\count181
\beamer@animationtempa=\count182
\beamer@animationtempb=\count183
\beamer@xpos=\count184
\beamer@ypos=\count185
\beamer@ypos@offset=\count186
\beamer@showpartnumber=\count187
\beamer@currentsubsection=\count188
\beamer@coveringdepth=\count189
\beamer@sectionadjust=\count190
\beamer@tocsectionnumber=\count191

(c:/Users/jesse/AppData/Roaming/TinyTeX/texmf-dist/tex/latex/beamer/beamerbaseo
ptions.sty
(c:/Users/jesse/AppData/Roaming/TinyTeX/texmf-dist/tex/latex/graphics/keyval.st
y
Package: keyval 2014/10/28 v1.15 key=value parser (DPC)
\KV@toks@=\toks14
))
\beamer@paperwidth=\skip48
\beamer@paperheight=\skip49

(c:/Users/jesse/AppData/Roaming/TinyTeX/texmf-dist/tex/latex/geometry/geometry.
sty
Package: geometry 2020/01/02 v5.9 Page Geometry

(c:/Users/jesse/AppData/Roaming/TinyTeX/texmf-dist/tex/generic/iftex/ifvtex.sty
Package: ifvtex 2019/10/25 v1.7 ifvtex legacy package. Use iftex instead.
)
\Gm@cnth=\count192
\Gm@cntv=\count193
\c@Gm@tempcnt=\count194
\Gm@bindingoffset=\dimen150
\Gm@wd@mp=\dimen151
\Gm@odd@mp=\dimen152
\Gm@even@mp=\dimen153
\Gm@layoutwidth=\dimen154
\Gm@layoutheight=\dimen155
\Gm@layouthoffset=\dimen156
\Gm@layoutvoffset=\dimen157
\Gm@dimlist=\toks15
) (c:/Users/jesse/AppData/Roaming/TinyTeX/texmf-dist/tex/latex/base/size11.clo
File: size11.clo 2019/12/20 v1.4l Standard LaTeX file (size option)
)
(c:/Users/jesse/AppData/Roaming/TinyTeX/texmf-dist/tex/latex/pgf/basiclayer/pgf
core.sty
(c:/Users/jesse/AppData/Roaming/TinyTeX/texmf-dist/tex/latex/graphics/graphicx.
sty
Package: graphicx 2019/11/30 v1.2a Enhanced LaTeX Graphics (DPC,SPQR)

(c:/Users/jesse/AppData/Roaming/TinyTeX/texmf-dist/tex/latex/graphics/graphics.
sty
Package: graphics 2019/11/30 v1.4a Standard LaTeX Graphics (DPC,SPQR)
(c:/Users/jesse/AppData/Roaming/TinyTeX/texmf-dist/tex/latex/graphics/trig.sty
Package: trig 2016/01/03 v1.10 sin cos tan (DPC)
)
(c:/Users/jesse/AppData/Roaming/TinyTeX/texmf-dist/tex/latex/graphics-cfg/graph
ics.cfg
File: graphics.cfg 2016/06/04 v1.11 sample graphics configuration
)
Package graphics Info: Driver file: pdftex.def on input line 105.

(c:/Users/jesse/AppData/Roaming/TinyTeX/texmf-dist/tex/latex/graphics-def/pdfte
x.def
File: pdftex.def 2018/01/08 v1.0l Graphics/color driver for pdftex
))
\Gin@req@height=\dimen158
\Gin@req@width=\dimen159
)
(c:/Users/jesse/AppData/Roaming/TinyTeX/texmf-dist/tex/latex/pgf/systemlayer/pg
fsys.sty
(c:/Users/jesse/AppData/Roaming/TinyTeX/texmf-dist/tex/latex/pgf/utilities/pgfr
cs.sty
(c:/Users/jesse/AppData/Roaming/TinyTeX/texmf-dist/tex/generic/pgf/utilities/pg
futil-common.tex
\pgfutil@everybye=\toks16
\pgfutil@tempdima=\dimen160
\pgfutil@tempdimb=\dimen161

(c:/Users/jesse/AppData/Roaming/TinyTeX/texmf-dist/tex/generic/pgf/utilities/pg
futil-common-lists.tex))
(c:/Users/jesse/AppData/Roaming/TinyTeX/texmf-dist/tex/generic/pgf/utilities/pg
futil-latex.def
\pgfutil@abb=\box54
(c:/Users/jesse/AppData/Roaming/TinyTeX/texmf-dist/tex/latex/ms/everyshi.sty
Package: everyshi 2001/05/15 v3.00 EveryShipout Package (MS)
))
(c:/Users/jesse/AppData/Roaming/TinyTeX/texmf-dist/tex/generic/pgf/utilities/pg
frcs.code.tex
(c:/Users/jesse/AppData/Roaming/TinyTeX/texmf-dist/tex/generic/pgf/pgf.revision
.tex)
Package: pgfrcs 2020/01/08 v3.1.5b (3.1.5b)
))
(c:/Users/jesse/AppData/Roaming/TinyTeX/texmf-dist/tex/generic/pgf/systemlayer/
pgfsys.code.tex
Package: pgfsys 2020/01/08 v3.1.5b (3.1.5b)

(c:/Users/jesse/AppData/Roaming/TinyTeX/texmf-dist/tex/generic/pgf/utilities/pg
fkeys.code.tex
\pgfkeys@pathtoks=\toks17
\pgfkeys@temptoks=\toks18

(c:/Users/jesse/AppData/Roaming/TinyTeX/texmf-dist/tex/generic/pgf/utilities/pg
fkeysfiltered.code.tex
\pgfkeys@tmptoks=\toks19
))
\pgf@x=\dimen162
\pgf@y=\dimen163
\pgf@xa=\dimen164
\pgf@ya=\dimen165
\pgf@xb=\dimen166
\pgf@yb=\dimen167
\pgf@xc=\dimen168
\pgf@yc=\dimen169
\pgf@xd=\dimen170
\pgf@yd=\dimen171
\w@pgf@writea=\write3
\r@pgf@reada=\read2
\c@pgf@counta=\count195
\c@pgf@countb=\count196
\c@pgf@countc=\count197
\c@pgf@countd=\count198
\t@pgf@toka=\toks20
\t@pgf@tokb=\toks21
\t@pgf@tokc=\toks22
\pgf@sys@id@count=\count199

(c:/Users/jesse/AppData/Roaming/TinyTeX/texmf-dist/tex/generic/pgf/systemlayer/
pgf.cfg
File: pgf.cfg 2020/01/08 v3.1.5b (3.1.5b)
)
Driver file for pgf: pgfsys-pdftex.def

(c:/Users/jesse/AppData/Roaming/TinyTeX/texmf-dist/tex/generic/pgf/systemlayer/
pgfsys-pdftex.def
File: pgfsys-pdftex.def 2020/01/08 v3.1.5b (3.1.5b)

(c:/Users/jesse/AppData/Roaming/TinyTeX/texmf-dist/tex/generic/pgf/systemlayer/
pgfsys-common-pdf.def
File: pgfsys-common-pdf.def 2020/01/08 v3.1.5b (3.1.5b)
)))
(c:/Users/jesse/AppData/Roaming/TinyTeX/texmf-dist/tex/generic/pgf/systemlayer/
pgfsyssoftpath.code.tex
File: pgfsyssoftpath.code.tex 2020/01/08 v3.1.5b (3.1.5b)
\pgfsyssoftpath@smallbuffer@items=\count266
\pgfsyssoftpath@bigbuffer@items=\count267
)
(c:/Users/jesse/AppData/Roaming/TinyTeX/texmf-dist/tex/generic/pgf/systemlayer/
pgfsysprotocol.code.tex
File: pgfsysprotocol.code.tex 2020/01/08 v3.1.5b (3.1.5b)
)) (c:/Users/jesse/AppData/Roaming/TinyTeX/texmf-dist/tex/latex/xcolor/xcolor.s
ty
Package: xcolor 2016/05/11 v2.12 LaTeX color extensions (UK)

(c:/Users/jesse/AppData/Roaming/TinyTeX/texmf-dist/tex/latex/graphics-cfg/color
.cfg
File: color.cfg 2016/01/02 v1.6 sample color configuration
)
Package xcolor Info: Driver file: pdftex.def on input line 225.
Package xcolor Info: Model `cmy' substituted by `cmy0' on input line 1348.
Package xcolor Info: Model `hsb' substituted by `rgb' on input line 1352.
Package xcolor Info: Model `RGB' extended on input line 1364.
Package xcolor Info: Model `HTML' substituted by `rgb' on input line 1366.
Package xcolor Info: Model `Hsb' substituted by `hsb' on input line 1367.
Package xcolor Info: Model `tHsb' substituted by `hsb' on input line 1368.
Package xcolor Info: Model `HSB' substituted by `hsb' on input line 1369.
Package xcolor Info: Model `Gray' substituted by `gray' on input line 1370.
Package xcolor Info: Model `wave' substituted by `hsb' on input line 1371.
)
(c:/Users/jesse/AppData/Roaming/TinyTeX/texmf-dist/tex/generic/pgf/basiclayer/p
gfcore.code.tex
Package: pgfcore 2020/01/08 v3.1.5b (3.1.5b)

(c:/Users/jesse/AppData/Roaming/TinyTeX/texmf-dist/tex/generic/pgf/math/pgfmath
.code.tex
(c:/Users/jesse/AppData/Roaming/TinyTeX/texmf-dist/tex/generic/pgf/math/pgfmath
calc.code.tex
(c:/Users/jesse/AppData/Roaming/TinyTeX/texmf-dist/tex/generic/pgf/math/pgfmath
util.code.tex)
(c:/Users/jesse/AppData/Roaming/TinyTeX/texmf-dist/tex/generic/pgf/math/pgfmath
parser.code.tex
\pgfmath@dimen=\dimen172
\pgfmath@count=\count268
\pgfmath@box=\box55
\pgfmath@toks=\toks23
\pgfmath@stack@operand=\toks24
\pgfmath@stack@operation=\toks25
)
(c:/Users/jesse/AppData/Roaming/TinyTeX/texmf-dist/tex/generic/pgf/math/pgfmath
functions.code.tex
(c:/Users/jesse/AppData/Roaming/TinyTeX/texmf-dist/tex/generic/pgf/math/pgfmath
functions.basic.code.tex)
(c:/Users/jesse/AppData/Roaming/TinyTeX/texmf-dist/tex/generic/pgf/math/pgfmath
functions.trigonometric.code.tex)
(c:/Users/jesse/AppData/Roaming/TinyTeX/texmf-dist/tex/generic/pgf/math/pgfmath
functions.random.code.tex)
(c:/Users/jesse/AppData/Roaming/TinyTeX/texmf-dist/tex/generic/pgf/math/pgfmath
functions.comparison.code.tex)
(c:/Users/jesse/AppData/Roaming/TinyTeX/texmf-dist/tex/generic/pgf/math/pgfmath
functions.base.code.tex)
(c:/Users/jesse/AppData/Roaming/TinyTeX/texmf-dist/tex/generic/pgf/math/pgfmath
functions.round.code.tex)
(c:/Users/jesse/AppData/Roaming/TinyTeX/texmf-dist/tex/generic/pgf/math/pgfmath
functions.misc.code.tex)
(c:/Users/jesse/AppData/Roaming/TinyTeX/texmf-dist/tex/generic/pgf/math/pgfmath
functions.integerarithmetics.code.tex)))
(c:/Users/jesse/AppData/Roaming/TinyTeX/texmf-dist/tex/generic/pgf/math/pgfmath
float.code.tex
\c@pgfmathroundto@lastzeros=\count269
))
(c:/Users/jesse/AppData/Roaming/TinyTeX/texmf-dist/tex/generic/pgf/math/pgfint.
code.tex)
(c:/Users/jesse/AppData/Roaming/TinyTeX/texmf-dist/tex/generic/pgf/basiclayer/p
gfcorepoints.code.tex
File: pgfcorepoints.code.tex 2020/01/08 v3.1.5b (3.1.5b)
\pgf@picminx=\dimen173
\pgf@picmaxx=\dimen174
\pgf@picminy=\dimen175
\pgf@picmaxy=\dimen176
\pgf@pathminx=\dimen177
\pgf@pathmaxx=\dimen178
\pgf@pathminy=\dimen179
\pgf@pathmaxy=\dimen180
\pgf@xx=\dimen181
\pgf@xy=\dimen182
\pgf@yx=\dimen183
\pgf@yy=\dimen184
\pgf@zx=\dimen185
\pgf@zy=\dimen186
)
(c:/Users/jesse/AppData/Roaming/TinyTeX/texmf-dist/tex/generic/pgf/basiclayer/p
gfcorepathconstruct.code.tex
File: pgfcorepathconstruct.code.tex 2020/01/08 v3.1.5b (3.1.5b)
\pgf@path@lastx=\dimen187
\pgf@path@lasty=\dimen188
)
(c:/Users/jesse/AppData/Roaming/TinyTeX/texmf-dist/tex/generic/pgf/basiclayer/p
gfcorepathusage.code.tex
File: pgfcorepathusage.code.tex 2020/01/08 v3.1.5b (3.1.5b)
\pgf@shorten@end@additional=\dimen189
\pgf@shorten@start@additional=\dimen190
)
(c:/Users/jesse/AppData/Roaming/TinyTeX/texmf-dist/tex/generic/pgf/basiclayer/p
gfcorescopes.code.tex
File: pgfcorescopes.code.tex 2020/01/08 v3.1.5b (3.1.5b)
\pgfpic=\box56
\pgf@hbox=\box57
\pgf@layerbox@main=\box58
\pgf@picture@serial@count=\count270
)
(c:/Users/jesse/AppData/Roaming/TinyTeX/texmf-dist/tex/generic/pgf/basiclayer/p
gfcoregraphicstate.code.tex
File: pgfcoregraphicstate.code.tex 2020/01/08 v3.1.5b (3.1.5b)
\pgflinewidth=\dimen191
)
(c:/Users/jesse/AppData/Roaming/TinyTeX/texmf-dist/tex/generic/pgf/basiclayer/p
gfcoretransformations.code.tex
File: pgfcoretransformations.code.tex 2020/01/08 v3.1.5b (3.1.5b)
\pgf@pt@x=\dimen192
\pgf@pt@y=\dimen193
\pgf@pt@temp=\dimen194
)
(c:/Users/jesse/AppData/Roaming/TinyTeX/texmf-dist/tex/generic/pgf/basiclayer/p
gfcorequick.code.tex
File: pgfcorequick.code.tex 2020/01/08 v3.1.5b (3.1.5b)
)
(c:/Users/jesse/AppData/Roaming/TinyTeX/texmf-dist/tex/generic/pgf/basiclayer/p
gfcoreobjects.code.tex
File: pgfcoreobjects.code.tex 2020/01/08 v3.1.5b (3.1.5b)
)
(c:/Users/jesse/AppData/Roaming/TinyTeX/texmf-dist/tex/generic/pgf/basiclayer/p
gfcorepathprocessing.code.tex
File: pgfcorepathprocessing.code.tex 2020/01/08 v3.1.5b (3.1.5b)
)
(c:/Users/jesse/AppData/Roaming/TinyTeX/texmf-dist/tex/generic/pgf/basiclayer/p
gfcorearrows.code.tex
File: pgfcorearrows.code.tex 2020/01/08 v3.1.5b (3.1.5b)
\pgfarrowsep=\dimen195
)
(c:/Users/jesse/AppData/Roaming/TinyTeX/texmf-dist/tex/generic/pgf/basiclayer/p
gfcoreshade.code.tex
File: pgfcoreshade.code.tex 2020/01/08 v3.1.5b (3.1.5b)
\pgf@max=\dimen196
\pgf@sys@shading@range@num=\count271
\pgf@shadingcount=\count272
)
(c:/Users/jesse/AppData/Roaming/TinyTeX/texmf-dist/tex/generic/pgf/basiclayer/p
gfcoreimage.code.tex
File: pgfcoreimage.code.tex 2020/01/08 v3.1.5b (3.1.5b)

(c:/Users/jesse/AppData/Roaming/TinyTeX/texmf-dist/tex/generic/pgf/basiclayer/p
gfcoreexternal.code.tex
File: pgfcoreexternal.code.tex 2020/01/08 v3.1.5b (3.1.5b)
\pgfexternal@startupbox=\box59
))
(c:/Users/jesse/AppData/Roaming/TinyTeX/texmf-dist/tex/generic/pgf/basiclayer/p
gfcorelayers.code.tex
File: pgfcorelayers.code.tex 2020/01/08 v3.1.5b (3.1.5b)
)
(c:/Users/jesse/AppData/Roaming/TinyTeX/texmf-dist/tex/generic/pgf/basiclayer/p
gfcoretransparency.code.tex
File: pgfcoretransparency.code.tex 2020/01/08 v3.1.5b (3.1.5b)
)
(c:/Users/jesse/AppData/Roaming/TinyTeX/texmf-dist/tex/generic/pgf/basiclayer/p
gfcorepatterns.code.tex
File: pgfcorepatterns.code.tex 2020/01/08 v3.1.5b (3.1.5b)
)
(c:/Users/jesse/AppData/Roaming/TinyTeX/texmf-dist/tex/generic/pgf/basiclayer/p
gfcorerdf.code.tex
File: pgfcorerdf.code.tex 2020/01/08 v3.1.5b (3.1.5b)
)))
(c:/Users/jesse/AppData/Roaming/TinyTeX/texmf-dist/tex/latex/pgf/utilities/xxco
lor.sty
Package: xxcolor 2003/10/24 ver 0.1
\XC@nummixins=\count273
\XC@countmixins=\count274
)
(c:/Users/jesse/AppData/Roaming/TinyTeX/texmf-dist/tex/generic/atbegshi/atbegsh
i.sty
Package: atbegshi 2019/12/05 v1.19 At begin shipout hook (HO)

(c:/Users/jesse/AppData/Roaming/TinyTeX/texmf-dist/tex/generic/infwarerr/infwar
err.sty
Package: infwarerr 2019/12/03 v1.5 Providing info/warning/error messages (HO)
)
(c:/Users/jesse/AppData/Roaming/TinyTeX/texmf-dist/tex/generic/ltxcmds/ltxcmds.
sty
Package: ltxcmds 2019/12/15 v1.24 LaTeX kernel commands for general use (HO)
))
(c:/Users/jesse/AppData/Roaming/TinyTeX/texmf-dist/tex/latex/hyperref/hyperref.
sty
Package: hyperref 2020/01/14 v7.00d Hypertext links for LaTeX

(c:/Users/jesse/AppData/Roaming/TinyTeX/texmf-dist/tex/latex/pdftexcmds/pdftexc
mds.sty
Package: pdftexcmds 2019/11/24 v0.31 Utility functions of pdfTeX for LuaTeX (HO
)
Package pdftexcmds Info: \pdf@primitive is available.
Package pdftexcmds Info: \pdf@ifprimitive is available.
Package pdftexcmds Info: \pdfdraftmode found.
)
(c:/Users/jesse/AppData/Roaming/TinyTeX/texmf-dist/tex/generic/kvsetkeys/kvsetk
eys.sty
Package: kvsetkeys 2019/12/15 v1.18 Key value parser (HO)
)
(c:/Users/jesse/AppData/Roaming/TinyTeX/texmf-dist/tex/generic/kvdefinekeys/kvd
efinekeys.sty
Package: kvdefinekeys 2019-12-19 v1.6 Define keys (HO)
)
(c:/Users/jesse/AppData/Roaming/TinyTeX/texmf-dist/tex/generic/pdfescape/pdfesc
ape.sty
Package: pdfescape 2019/12/09 v1.15 Implements pdfTeX's escape features (HO)
)
(c:/Users/jesse/AppData/Roaming/TinyTeX/texmf-dist/tex/latex/hycolor/hycolor.st
y
Package: hycolor 2020-01-27 v1.10 Color options for hyperref/bookmark (HO)
)
(c:/Users/jesse/AppData/Roaming/TinyTeX/texmf-dist/tex/latex/letltxmacro/letltx
macro.sty
Package: letltxmacro 2019/12/03 v1.6 Let assignment for LaTeX macros (HO)
)
(c:/Users/jesse/AppData/Roaming/TinyTeX/texmf-dist/tex/latex/auxhook/auxhook.st
y
Package: auxhook 2019-12-17 v1.6 Hooks for auxiliary files (HO)
)
(c:/Users/jesse/AppData/Roaming/TinyTeX/texmf-dist/tex/latex/kvoptions/kvoption
s.sty
Package: kvoptions 2019/11/29 v3.13 Key value format for package options (HO)
)
\@linkdim=\dimen197
\Hy@linkcounter=\count275
\Hy@pagecounter=\count276

(c:/Users/jesse/AppData/Roaming/TinyTeX/texmf-dist/tex/latex/hyperref/pd1enc.de
f
File: pd1enc.def 2020/01/14 v7.00d Hyperref: PDFDocEncoding definition (HO)
Now handling font encoding PD1 ...
... no UTF-8 mapping file for font encoding PD1
)
(c:/Users/jesse/AppData/Roaming/TinyTeX/texmf-dist/tex/generic/intcalc/intcalc.
sty
Package: intcalc 2019/12/15 v1.3 Expandable calculations with integers (HO)
)
(c:/Users/jesse/AppData/Roaming/TinyTeX/texmf-dist/tex/generic/etexcmds/etexcmd
s.sty
Package: etexcmds 2019/12/15 v1.7 Avoid name clashes with e-TeX commands (HO)
)
\Hy@SavedSpaceFactor=\count277
\pdfmajorversion=\count278
Package hyperref Info: Option `unicode' set `true' on input line 4421.

(c:/Users/jesse/AppData/Roaming/TinyTeX/texmf-dist/tex/latex/hyperref/puenc.def
File: puenc.def 2020/01/14 v7.00d Hyperref: PDF Unicode definition (HO)
Now handling font encoding PU ...
... no UTF-8 mapping file for font encoding PU
)
Package hyperref Info: Option `bookmarks' set `true' on input line 4421.
Package hyperref Info: Option `bookmarksopen' set `true' on input line 4421.
Package hyperref Info: Option `implicit' set `false' on input line 4421.
Package hyperref Info: Hyper figures OFF on input line 4547.
Package hyperref Info: Link nesting OFF on input line 4552.
Package hyperref Info: Hyper index ON on input line 4555.
Package hyperref Info: Plain pages OFF on input line 4562.
Package hyperref Info: Backreferencing OFF on input line 4567.
Package hyperref Info: Implicit mode OFF; no redefinition of LaTeX internals.
Package hyperref Info: Bookmarks ON on input line 4800.
\c@Hy@tempcnt=\count279
(c:/Users/jesse/AppData/Roaming/TinyTeX/texmf-dist/tex/latex/url/url.sty
\Urlmuskip=\muskip16
Package: url 2013/09/16  ver 3.4  Verb mode for urls, etc.
)
LaTeX Info: Redefining \url on input line 5159.
\XeTeXLinkMargin=\dimen198

(c:/Users/jesse/AppData/Roaming/TinyTeX/texmf-dist/tex/generic/bitset/bitset.st
y
Package: bitset 2019/12/09 v1.3 Handle bit-vector datatype (HO)

(c:/Users/jesse/AppData/Roaming/TinyTeX/texmf-dist/tex/generic/bigintcalc/bigin
tcalc.sty
Package: bigintcalc 2019/12/15 v1.5 Expandable calculations on big integers (HO
)
))
\Fld@menulength=\count280
\Field@Width=\dimen199
\Fld@charsize=\dimen256
Package hyperref Info: Hyper figures OFF on input line 6430.
Package hyperref Info: Link nesting OFF on input line 6435.
Package hyperref Info: Hyper index ON on input line 6438.
Package hyperref Info: backreferencing OFF on input line 6445.
Package hyperref Info: Link coloring OFF on input line 6450.
Package hyperref Info: Link coloring with OCG OFF on input line 6455.
Package hyperref Info: PDF/A mode OFF on input line 6460.
LaTeX Info: Redefining \ref on input line 6500.
LaTeX Info: Redefining \pageref on input line 6504.
\Hy@abspage=\count281

Package hyperref Message: Stopped early.

)
Package hyperref Info: Driver (autodetected): hpdftex.

(c:/Users/jesse/AppData/Roaming/TinyTeX/texmf-dist/tex/latex/hyperref/hpdftex.d
ef
File: hpdftex.def 2020/01/14 v7.00d Hyperref driver for pdfTeX

(c:/Users/jesse/AppData/Roaming/TinyTeX/texmf-dist/tex/latex/atveryend/atveryen
d.sty
Package: atveryend 2019-12-11 v1.11 Hooks at the very end of document (HO)
)
\Fld@listcount=\count282
\c@bookmark@seq@number=\count283

(c:/Users/jesse/AppData/Roaming/TinyTeX/texmf-dist/tex/latex/rerunfilecheck/rer
unfilecheck.sty
Package: rerunfilecheck 2019/12/05 v1.9 Rerun checks for auxiliary files (HO)

(c:/Users/jesse/AppData/Roaming/TinyTeX/texmf-dist/tex/generic/uniquecounter/un
iquecounter.sty
Package: uniquecounter 2019/12/15 v1.4 Provide unlimited unique counter (HO)
)
Package uniquecounter Info: New unique counter `rerunfilecheck' on input line 2
86.
))
(c:/Users/jesse/AppData/Roaming/TinyTeX/texmf-dist/tex/latex/beamer/beamerbaser
equires.sty
(c:/Users/jesse/AppData/Roaming/TinyTeX/texmf-dist/tex/latex/beamer/beamerbasec
ompatibility.sty)
(c:/Users/jesse/AppData/Roaming/TinyTeX/texmf-dist/tex/latex/beamer/beamerbasef
ont.sty
(c:/Users/jesse/AppData/Roaming/TinyTeX/texmf-dist/tex/latex/amsfonts/amssymb.s
ty
Package: amssymb 2013/01/14 v3.01 AMS font symbols

(c:/Users/jesse/AppData/Roaming/TinyTeX/texmf-dist/tex/latex/amsfonts/amsfonts.
sty
Package: amsfonts 2013/01/14 v3.01 Basic AMSFonts support
\@emptytoks=\toks26
\symAMSa=\mathgroup4
\symAMSb=\mathgroup5
LaTeX Font Info:    Redeclaring math symbol \hbar on input line 98.
LaTeX Font Info:    Overwriting math alphabet `\mathfrak' in version `bold'
(Font)                  U/euf/m/n --> U/euf/b/n on input line 106.
)))
(c:/Users/jesse/AppData/Roaming/TinyTeX/texmf-dist/tex/latex/beamer/beamerbaset
ranslator.sty
(c:/Users/jesse/AppData/Roaming/TinyTeX/texmf-dist/tex/latex/translator/transla
tor.sty
Package: translator 2019-05-31 v1.12a Easy translation of strings in LaTeX
))
(c:/Users/jesse/AppData/Roaming/TinyTeX/texmf-dist/tex/latex/beamer/beamerbasem
isc.sty)
(c:/Users/jesse/AppData/Roaming/TinyTeX/texmf-dist/tex/latex/beamer/beamerbaset
woscreens.sty)
(c:/Users/jesse/AppData/Roaming/TinyTeX/texmf-dist/tex/latex/beamer/beamerbaseo
verlay.sty
\beamer@argscount=\count284
\beamer@lastskipcover=\skip50
\beamer@trivlistdepth=\count285
)
(c:/Users/jesse/AppData/Roaming/TinyTeX/texmf-dist/tex/latex/beamer/beamerbaset
itle.sty)
(c:/Users/jesse/AppData/Roaming/TinyTeX/texmf-dist/tex/latex/beamer/beamerbases
ection.sty
\c@lecture=\count286
\c@part=\count287
\c@section=\count288
\c@subsection=\count289
\c@subsubsection=\count290
)
(c:/Users/jesse/AppData/Roaming/TinyTeX/texmf-dist/tex/latex/beamer/beamerbasef
rame.sty
\beamer@framebox=\box60
\beamer@frametitlebox=\box61
\beamer@zoombox=\box62
\beamer@zoomcount=\count291
\beamer@zoomframecount=\count292
\beamer@frametextheight=\dimen257
\c@subsectionslide=\count293
\beamer@frametopskip=\skip51
\beamer@framebottomskip=\skip52
\beamer@frametopskipautobreak=\skip53
\beamer@framebottomskipautobreak=\skip54
\beamer@envbody=\toks27
\framewidth=\dimen258
\c@framenumber=\count294
)
(c:/Users/jesse/AppData/Roaming/TinyTeX/texmf-dist/tex/latex/beamer/beamerbasev
erbatim.sty
\beamer@verbatimfileout=\write4
)
(c:/Users/jesse/AppData/Roaming/TinyTeX/texmf-dist/tex/latex/beamer/beamerbasef
ramesize.sty
\beamer@splitbox=\box63
\beamer@autobreakcount=\count295
\beamer@autobreaklastheight=\dimen259
\beamer@frametitletoks=\toks28
\beamer@framesubtitletoks=\toks29
)
(c:/Users/jesse/AppData/Roaming/TinyTeX/texmf-dist/tex/latex/beamer/beamerbasef
ramecomponents.sty
\beamer@footins=\box64
)
(c:/Users/jesse/AppData/Roaming/TinyTeX/texmf-dist/tex/latex/beamer/beamerbasec
olor.sty)
(c:/Users/jesse/AppData/Roaming/TinyTeX/texmf-dist/tex/latex/beamer/beamerbasen
otes.sty
\beamer@frameboxcopy=\box65
)
(c:/Users/jesse/AppData/Roaming/TinyTeX/texmf-dist/tex/latex/beamer/beamerbaset
oc.sty)
(c:/Users/jesse/AppData/Roaming/TinyTeX/texmf-dist/tex/latex/beamer/beamerbaset
emplates.sty
\beamer@sbttoks=\toks30

(c:/Users/jesse/AppData/Roaming/TinyTeX/texmf-dist/tex/latex/beamer/beamerbasea
uxtemplates.sty
(c:/Users/jesse/AppData/Roaming/TinyTeX/texmf-dist/tex/latex/beamer/beamerbaseb
oxes.sty
\bmb@box=\box66
\bmb@colorbox=\box67
\bmb@boxshadow=\box68
\bmb@boxshadowball=\box69
\bmb@boxshadowballlarge=\box70
\bmb@temp=\dimen260
\bmb@dima=\dimen261
\bmb@dimb=\dimen262
\bmb@prevheight=\dimen263
)
\beamer@blockheadheight=\dimen264
))
(c:/Users/jesse/AppData/Roaming/TinyTeX/texmf-dist/tex/latex/beamer/beamerbasel
ocalstructure.sty
(c:/Users/jesse/AppData/Roaming/TinyTeX/texmf-dist/tex/latex/tools/enumerate.st
y
Package: enumerate 2015/07/23 v3.00 enumerate extensions (DPC)
\@enLab=\toks31
)
\c@figure=\count296
\c@table=\count297
\abovecaptionskip=\skip55
\belowcaptionskip=\skip56
)
(c:/Users/jesse/AppData/Roaming/TinyTeX/texmf-dist/tex/latex/beamer/beamerbasen
avigation.sty
\beamer@section@min@dim=\dimen265
)
(c:/Users/jesse/AppData/Roaming/TinyTeX/texmf-dist/tex/latex/beamer/beamerbaset
heorems.sty
(c:/Users/jesse/AppData/Roaming/TinyTeX/texmf-dist/tex/latex/amsmath/amsmath.st
y
Package: amsmath 2020/01/20 v2.17e AMS math features
\@mathmargin=\skip57
For additional information on amsmath, use the `?' option.

(c:/Users/jesse/AppData/Roaming/TinyTeX/texmf-dist/tex/latex/amsmath/amstext.st
y
Package: amstext 2000/06/29 v2.01 AMS text

(c:/Users/jesse/AppData/Roaming/TinyTeX/texmf-dist/tex/latex/amsmath/amsgen.sty
File: amsgen.sty 1999/11/30 v2.0 generic functions
\@emptytoks=\toks32
\ex@=\dimen266
))
(c:/Users/jesse/AppData/Roaming/TinyTeX/texmf-dist/tex/latex/amsmath/amsbsy.sty
Package: amsbsy 1999/11/29 v1.2d Bold Symbols
\pmbraise@=\dimen267
)
(c:/Users/jesse/AppData/Roaming/TinyTeX/texmf-dist/tex/latex/amsmath/amsopn.sty
Package: amsopn 2016/03/08 v2.02 operator names
)
\inf@bad=\count298
LaTeX Info: Redefining \frac on input line 227.
\uproot@=\count299
\leftroot@=\count300
LaTeX Info: Redefining \overline on input line 389.
\classnum@=\count301
\DOTSCASE@=\count302
LaTeX Info: Redefining \ldots on input line 486.
LaTeX Info: Redefining \dots on input line 489.
LaTeX Info: Redefining \cdots on input line 610.
\Mathstrutbox@=\box71
\strutbox@=\box72
\big@size=\dimen268
LaTeX Font Info:    Redeclaring font encoding OML on input line 733.
LaTeX Font Info:    Redeclaring font encoding OMS on input line 734.
\macc@depth=\count303
\c@MaxMatrixCols=\count304
\dotsspace@=\muskip17
\c@parentequation=\count305
\dspbrk@lvl=\count306
\tag@help=\toks33
\row@=\count307
\column@=\count308
\maxfields@=\count309
\andhelp@=\toks34
\eqnshift@=\dimen269
\alignsep@=\dimen270
\tagshift@=\dimen271
\tagwidth@=\dimen272
\totwidth@=\dimen273
\lineht@=\dimen274
\@envbody=\toks35
\multlinegap=\skip58
\multlinetaggap=\skip59
\mathdisplay@stack=\toks36
LaTeX Info: Redefining \[ on input line 2859.
LaTeX Info: Redefining \] on input line 2860.
) (c:/Users/jesse/AppData/Roaming/TinyTeX/texmf-dist/tex/latex/amscls/amsthm.st
y
Package: amsthm 2017/10/31 v2.20.4
\thm@style=\toks37
\thm@bodyfont=\toks38
\thm@headfont=\toks39
\thm@notefont=\toks40
\thm@headpunct=\toks41
\thm@preskip=\skip60
\thm@postskip=\skip61
\thm@headsep=\skip62
\dth@everypar=\toks42
)
\c@theorem=\count310
)
(c:/Users/jesse/AppData/Roaming/TinyTeX/texmf-dist/tex/latex/beamer/beamerbaset
hemes.sty))
(c:/Users/jesse/AppData/Roaming/TinyTeX/texmf-dist/tex/latex/beamer/beamertheme
default.sty
(c:/Users/jesse/AppData/Roaming/TinyTeX/texmf-dist/tex/latex/beamer/beamerfontt
hemedefault.sty)
(c:/Users/jesse/AppData/Roaming/TinyTeX/texmf-dist/tex/latex/beamer/beamercolor
themedefault.sty)
(c:/Users/jesse/AppData/Roaming/TinyTeX/texmf-dist/tex/latex/beamer/beamerinner
themedefault.sty
\beamer@dima=\dimen275
\beamer@dimb=\dimen276
)
(c:/Users/jesse/AppData/Roaming/TinyTeX/texmf-dist/tex/latex/beamer/beamerouter
themedefault.sty)))
(c:/Users/jesse/AppData/Roaming/TinyTeX/texmf-dist/tex/latex/pgf/utilities/pgfp
ages.sty
Package: pgfpages 2011/01/05 ver 0.02
(c:/Users/jesse/AppData/Roaming/TinyTeX/texmf-dist/tex/latex/tools/calc.sty
Package: calc 2017/05/25 v4.3 Infix arithmetic (KKT,FJ)
\calc@Acount=\count311
\calc@Bcount=\count312
\calc@Adimen=\dimen277
\calc@Bdimen=\dimen278
\calc@Askip=\skip63
\calc@Bskip=\skip64
LaTeX Info: Redefining \setlength on input line 80.
LaTeX Info: Redefining \addtolength on input line 81.
\calc@Ccount=\count313
\calc@Cskip=\skip65
)
\pgf@logicalpages=\count314
\pgf@firstshipout=\count315
\pgf@lastshipout=\count316
\pgf@currentshipout=\count317
\pgf@cpn=\count318
\pgf@shipoutnextto=\count319
\pgfphysicalheight=\dimen279
\pgfphysicalwidth=\dimen280
\pgfpages@shipoutbox=\box73
) (c:/Users/jesse/AppData/Roaming/TinyTeX/texmf-dist/tex/latex/lm/lmodern.sty
Package: lmodern 2009/10/30 v1.6 Latin Modern Fonts
LaTeX Font Info:    Overwriting symbol font `operators' in version `normal'
(Font)                  OT1/cmr/m/n --> OT1/lmr/m/n on input line 22.
LaTeX Font Info:    Overwriting symbol font `letters' in version `normal'
(Font)                  OML/cmm/m/it --> OML/lmm/m/it on input line 23.
LaTeX Font Info:    Overwriting symbol font `symbols' in version `normal'
(Font)                  OMS/cmsy/m/n --> OMS/lmsy/m/n on input line 24.
LaTeX Font Info:    Overwriting symbol font `largesymbols' in version `normal'
(Font)                  OMX/cmex/m/n --> OMX/lmex/m/n on input line 25.
LaTeX Font Info:    Overwriting symbol font `operators' in version `bold'
(Font)                  OT1/cmr/bx/n --> OT1/lmr/bx/n on input line 26.
LaTeX Font Info:    Overwriting symbol font `letters' in version `bold'
(Font)                  OML/cmm/b/it --> OML/lmm/b/it on input line 27.
LaTeX Font Info:    Overwriting symbol font `symbols' in version `bold'
(Font)                  OMS/cmsy/b/n --> OMS/lmsy/b/n on input line 28.
LaTeX Font Info:    Overwriting symbol font `largesymbols' in version `bold'
(Font)                  OMX/cmex/m/n --> OMX/lmex/m/n on input line 29.
LaTeX Font Info:    Overwriting math alphabet `\mathbf' in version `normal'
(Font)                  OT1/cmr/bx/n --> OT1/lmr/bx/n on input line 31.
LaTeX Font Info:    Overwriting math alphabet `\mathsf' in version `normal'
(Font)                  OT1/cmss/m/n --> OT1/lmss/m/n on input line 32.
LaTeX Font Info:    Overwriting math alphabet `\mathit' in version `normal'
(Font)                  OT1/cmr/m/it --> OT1/lmr/m/it on input line 33.
LaTeX Font Info:    Overwriting math alphabet `\mathtt' in version `normal'
(Font)                  OT1/cmtt/m/n --> OT1/lmtt/m/n on input line 34.
LaTeX Font Info:    Overwriting math alphabet `\mathbf' in version `bold'
(Font)                  OT1/cmr/bx/n --> OT1/lmr/bx/n on input line 35.
LaTeX Font Info:    Overwriting math alphabet `\mathsf' in version `bold'
(Font)                  OT1/cmss/bx/n --> OT1/lmss/bx/n on input line 36.
LaTeX Font Info:    Overwriting math alphabet `\mathit' in version `bold'
(Font)                  OT1/cmr/bx/it --> OT1/lmr/bx/it on input line 37.
LaTeX Font Info:    Overwriting math alphabet `\mathtt' in version `bold'
(Font)                  OT1/cmtt/m/n --> OT1/lmtt/m/n on input line 38.
)
(c:/Users/jesse/AppData/Roaming/TinyTeX/texmf-dist/tex/generic/iftex/ifxetex.st
y
Package: ifxetex 2019/10/25 v0.7 ifxetex legacy package. Use iftex instead.
)
(c:/Users/jesse/AppData/Roaming/TinyTeX/texmf-dist/tex/generic/iftex/ifluatex.s
ty
Package: ifluatex 2019/10/25 v1.5 ifluatex legacy package. Use iftex instead.
) (c:/Users/jesse/AppData/Roaming/TinyTeX/texmf-dist/tex/latex/base/fontenc.sty
Package: fontenc 2020/02/11 v2.0o Standard LaTeX package
LaTeX Font Info:    Trying to load font information for T1+lmss on input line 1
12.
(c:/Users/jesse/AppData/Roaming/TinyTeX/texmf-dist/tex/latex/lm/t1lmss.fd
File: t1lmss.fd 2009/10/30 v1.6 Font defs for Latin Modern
)) (c:/Users/jesse/AppData/Roaming/TinyTeX/texmf-dist/tex/latex/base/inputenc.s
ty
Package: inputenc 2018/08/11 v1.3c Input encoding file
\inpenc@prehook=\toks43
\inpenc@posthook=\toks44
) (c:/Users/jesse/AppData/Roaming/TinyTeX/texmf-dist/tex/latex/base/textcomp.st
y
Package: textcomp 2020/02/02 v2.0n Standard LaTeX package
)
(c:/Users/jesse/AppData/Roaming/TinyTeX/texmf-dist/tex/latex/beamertheme-metrop
olis/beamerthememetropolis.sty
Package: beamerthememetropolis 2017/01/23 v1.2 Metropolis Beamer theme

(c:/Users/jesse/AppData/Roaming/TinyTeX/texmf-dist/tex/latex/pgfopts/pgfopts.st
y
Package: pgfopts 2014/07/10 v2.1a LaTeX package options with pgfkeys

(c:/Users/jesse/AppData/Roaming/TinyTeX/texmf-dist/tex/latex/pgf/utilities/pgfk
eys.sty
(c:/Users/jesse/AppData/Roaming/TinyTeX/texmf-dist/tex/generic/pgf/utilities/pg
fkeys.code.tex))
\pgfopts@list@add@a@toks=\toks45
\pgfopts@list@add@b@toks=\toks46
)
(c:/Users/jesse/AppData/Roaming/TinyTeX/texmf-dist/tex/latex/beamertheme-metrop
olis/beamerinnerthememetropolis.sty
Package: beamerinnerthememetropolis 2017/01/23 Metropolis inner theme

(c:/Users/jesse/AppData/Roaming/TinyTeX/texmf-dist/tex/latex/pgf/frontendlayer/
tikz.sty
(c:/Users/jesse/AppData/Roaming/TinyTeX/texmf-dist/tex/latex/pgf/basiclayer/pgf
.sty
Package: pgf 2020/01/08 v3.1.5b (3.1.5b)

(c:/Users/jesse/AppData/Roaming/TinyTeX/texmf-dist/tex/generic/pgf/modules/pgfm
oduleshapes.code.tex
File: pgfmoduleshapes.code.tex 2020/01/08 v3.1.5b (3.1.5b)
\pgfnodeparttextbox=\box74
)
(c:/Users/jesse/AppData/Roaming/TinyTeX/texmf-dist/tex/generic/pgf/modules/pgfm
oduleplot.code.tex
File: pgfmoduleplot.code.tex 2020/01/08 v3.1.5b (3.1.5b)
)
(c:/Users/jesse/AppData/Roaming/TinyTeX/texmf-dist/tex/latex/pgf/compatibility/
pgfcomp-version-0-65.sty
Package: pgfcomp-version-0-65 2020/01/08 v3.1.5b (3.1.5b)
\pgf@nodesepstart=\dimen281
\pgf@nodesepend=\dimen282
)
(c:/Users/jesse/AppData/Roaming/TinyTeX/texmf-dist/tex/latex/pgf/compatibility/
pgfcomp-version-1-18.sty
Package: pgfcomp-version-1-18 2020/01/08 v3.1.5b (3.1.5b)
))
(c:/Users/jesse/AppData/Roaming/TinyTeX/texmf-dist/tex/latex/pgf/utilities/pgff
or.sty
(c:/Users/jesse/AppData/Roaming/TinyTeX/texmf-dist/tex/latex/pgf/math/pgfmath.s
ty
(c:/Users/jesse/AppData/Roaming/TinyTeX/texmf-dist/tex/generic/pgf/math/pgfmath
.code.tex))
(c:/Users/jesse/AppData/Roaming/TinyTeX/texmf-dist/tex/generic/pgf/utilities/pg
ffor.code.tex
Package: pgffor 2020/01/08 v3.1.5b (3.1.5b)

(c:/Users/jesse/AppData/Roaming/TinyTeX/texmf-dist/tex/generic/pgf/math/pgfmath
.code.tex)
\pgffor@iter=\dimen283
\pgffor@skip=\dimen284
\pgffor@stack=\toks47
\pgffor@toks=\toks48
))
(c:/Users/jesse/AppData/Roaming/TinyTeX/texmf-dist/tex/generic/pgf/frontendlaye
r/tikz/tikz.code.tex
Package: tikz 2020/01/08 v3.1.5b (3.1.5b)

(c:/Users/jesse/AppData/Roaming/TinyTeX/texmf-dist/tex/generic/pgf/libraries/pg
flibraryplothandlers.code.tex
File: pgflibraryplothandlers.code.tex 2020/01/08 v3.1.5b (3.1.5b)
\pgf@plot@mark@count=\count320
\pgfplotmarksize=\dimen285
)
\tikz@lastx=\dimen286
\tikz@lasty=\dimen287
\tikz@lastxsaved=\dimen288
\tikz@lastysaved=\dimen289
\tikz@lastmovetox=\dimen290
\tikz@lastmovetoy=\dimen291
\tikzleveldistance=\dimen292
\tikzsiblingdistance=\dimen293
\tikz@figbox=\box75
\tikz@figbox@bg=\box76
\tikz@tempbox=\box77
\tikz@tempbox@bg=\box78
\tikztreelevel=\count321
\tikznumberofchildren=\count322
\tikznumberofcurrentchild=\count323
\tikz@fig@count=\count324

(c:/Users/jesse/AppData/Roaming/TinyTeX/texmf-dist/tex/generic/pgf/modules/pgfm
odulematrix.code.tex
File: pgfmodulematrix.code.tex 2020/01/08 v3.1.5b (3.1.5b)
\pgfmatrixcurrentrow=\count325
\pgfmatrixcurrentcolumn=\count326
\pgf@matrix@numberofcolumns=\count327
)
\tikz@expandcount=\count328

(c:/Users/jesse/AppData/Roaming/TinyTeX/texmf-dist/tex/generic/pgf/frontendlaye
r/tikz/libraries/tikzlibrarytopaths.code.tex
File: tikzlibrarytopaths.code.tex 2020/01/08 v3.1.5b (3.1.5b)
)))
\metropolis@titleseparator@linewidth=\skip66
\metropolis@progressonsectionpage=\skip67
\metropolis@progressonsectionpage@linewidth=\skip68
\metropolis@blocksep=\skip69
\metropolis@blockadjust=\skip70
\metropolis@parskip=\skip71
)
(c:/Users/jesse/AppData/Roaming/TinyTeX/texmf-dist/tex/latex/beamertheme-metrop
olis/beamerouterthememetropolis.sty
Package: beamerouterthememetropolis 2017/01/23 Metropolis outer theme
\metropolis@frametitle@padding=\skip72
\metropolis@progressinheadfoot=\skip73
\metropolis@progressinheadfoot@linewidth=\skip74
)
(c:/Users/jesse/AppData/Roaming/TinyTeX/texmf-dist/tex/latex/beamertheme-metrop
olis/beamercolorthememetropolis.sty
Package: beamercolorthememetropolis 2017/01/23 Metropolis color theme
)
(c:/Users/jesse/AppData/Roaming/TinyTeX/texmf-dist/tex/latex/beamertheme-metrop
olis/beamerfontthememetropolis.sty
Package: beamerfontthememetropolis 2017/01/23 Metropolis font theme

Package beamerthememetropolis Warning: You need to compile with XeLaTeX or LuaL
aTeX to use the Fira fonts on input line 95.

))
(c:/Users/jesse/AppData/Roaming/TinyTeX/texmf-dist/tex/latex/upquote/upquote.st
y
Package: upquote 2012/04/19 v1.3 upright-quote and grave-accent glyphs in verba
tim
)
Package hyperref Info: Option `breaklinks' set `true' on input line 85.

(c:/Users/jesse/AppData/Roaming/TinyTeX/texmf-dist/tex/latex/fancyvrb/fancyvrb.
sty
Package: fancyvrb 2020/01/13 v3.5 verbatim text (tvz,hv)
\FV@CodeLineNo=\count329
\FV@InFile=\read3
\FV@TabBox=\box79
\c@FancyVerbLine=\count330
\FV@StepNumber=\count331
\FV@OutFile=\write5
) (c:/Users/jesse/AppData/Roaming/TinyTeX/texmf-dist/tex/latex/framed/framed.st
y
Package: framed 2011/10/22 v 0.96: framed or shaded text with page breaks
\OuterFrameSep=\skip75
\fb@frw=\dimen294
\fb@frh=\dimen295
\FrameRule=\dimen296
\FrameSep=\dimen297
)
(c:/Users/jesse/AppData/Roaming/TinyTeX/texmf-dist/tex/latex/grffile/grffile.st
y
Package: grffile 2019/11/11 v2.1 Extended file name support for graphics (legac
y)
Package grffile Info: This package is an empty stub for compatibility on input 
line 40.
)
(c:/Users/jesse/AppData/Roaming/TinyTeX/texmf-dist/tex/latex/l3backend/l3backen
d-pdfmode.def
File: l3backend-pdfmode.def 2020-02-23 L3 backend support: PDF mode
\l__kernel_color_stack_int=\count332
\l__pdf_internal_box=\box80
) (./presentationGenerator.aux)
\openout1 = `presentationGenerator.aux'.

LaTeX Font Info:    Checking defaults for OML/cmm/m/it on input line 153.
LaTeX Font Info:    ... okay on input line 153.
LaTeX Font Info:    Checking defaults for OMS/cmsy/m/n on input line 153.
LaTeX Font Info:    ... okay on input line 153.
LaTeX Font Info:    Checking defaults for OT1/cmr/m/n on input line 153.
LaTeX Font Info:    ... okay on input line 153.
LaTeX Font Info:    Checking defaults for T1/cmr/m/n on input line 153.
LaTeX Font Info:    ... okay on input line 153.
LaTeX Font Info:    Checking defaults for TS1/cmr/m/n on input line 153.
LaTeX Font Info:    ... okay on input line 153.
LaTeX Font Info:    Checking defaults for OMX/cmex/m/n on input line 153.
LaTeX Font Info:    ... okay on input line 153.
LaTeX Font Info:    Checking defaults for U/cmr/m/n on input line 153.
LaTeX Font Info:    ... okay on input line 153.
LaTeX Font Info:    Checking defaults for PD1/pdf/m/n on input line 153.
LaTeX Font Info:    ... okay on input line 153.
LaTeX Font Info:    Checking defaults for PU/pdf/m/n on input line 153.
LaTeX Font Info:    ... okay on input line 153.
*geometry* driver: auto-detecting
*geometry* detected driver: pdftex
*geometry* verbose mode - [ preamble ] result:
* driver: pdftex
* paper: custom
* layout: <same size as paper>
* layoutoffset:(h,v)=(0.0pt,0.0pt)
* modes: includehead includefoot 
* h-part:(L,W,R)=(28.45274pt, 307.28987pt, 28.45274pt)
* v-part:(T,H,B)=(0.0pt, 273.14662pt, 0.0pt)
* \paperwidth=364.19536pt
* \paperheight=273.14662pt
* \textwidth=307.28987pt
* \textheight=244.6939pt
* \oddsidemargin=-43.81725pt
* \evensidemargin=-43.81725pt
* \topmargin=-72.26999pt
* \headheight=14.22636pt
* \headsep=0.0pt
* \topskip=11.0pt
* \footskip=14.22636pt
* \marginparwidth=4.0pt
* \marginparsep=10.0pt
* \columnsep=10.0pt
* \skip\footins=10.0pt plus 4.0pt minus 2.0pt
* \hoffset=0.0pt
* \voffset=0.0pt
* \mag=1000
* \@twocolumnfalse
* \@twosidefalse
* \@mparswitchfalse
* \@reversemarginfalse
* (1in=72.27pt=25.4mm, 1cm=28.453pt)


(c:/Users/jesse/AppData/Roaming/TinyTeX/texmf-dist/tex/latex/epstopdf-pkg/epsto
pdf-base.sty
Package: epstopdf-base 2020-01-24 v2.11 Base part for package epstopdf
Package epstopdf-base Info: Redefining graphics rule for `.eps' on input line 4
85.

(c:/Users/jesse/AppData/Roaming/TinyTeX/texmf-dist/tex/latex/latexconfig/epstop
df-sys.cfg
File: epstopdf-sys.cfg 2010/07/13 v1.3 Configuration of (r)epstopdf for TeX Liv
e
)) ABD: EveryShipout initializing macros
\AtBeginShipoutBox=\box81
Package hyperref Info: Link coloring OFF on input line 153.

(c:/Users/jesse/AppData/Roaming/TinyTeX/texmf-dist/tex/latex/hyperref/nameref.s
ty
Package: nameref 2019/09/16 v2.46 Cross-referencing by name of section

(c:/Users/jesse/AppData/Roaming/TinyTeX/texmf-dist/tex/latex/refcount/refcount.
sty
Package: refcount 2019/12/15 v3.6 Data extraction from label references (HO)
)
(c:/Users/jesse/AppData/Roaming/TinyTeX/texmf-dist/tex/generic/gettitlestring/g
ettitlestring.sty
Package: gettitlestring 2019/12/15 v1.6 Cleanup title references (HO)
)
\c@section@level=\count333
)
LaTeX Info: Redefining \ref on input line 153.
LaTeX Info: Redefining \pageref on input line 153.
LaTeX Info: Redefining \nameref on input line 153.
(./presentationGenerator.out) (./presentationGenerator.out)
\@outlinefile=\write6
\openout6 = `presentationGenerator.out'.

LaTeX Font Info:    Overwriting symbol font `operators' in version `normal'
(Font)                  OT1/lmr/m/n --> OT1/cmss/m/n on input line 153.
LaTeX Font Info:    Overwriting symbol font `operators' in version `bold'
(Font)                  OT1/lmr/bx/n --> OT1/cmss/b/n on input line 153.
LaTeX Font Info:    Overwriting symbol font `operators' in version `normal'
(Font)                  OT1/cmss/m/n --> OT1/lmss/m/n on input line 153.
LaTeX Font Info:    Overwriting symbol font `operators' in version `bold'
(Font)                  OT1/cmss/b/n --> OT1/lmss/b/n on input line 153.
\symnumbers=\mathgroup6
\sympureletters=\mathgroup7
LaTeX Font Info:    Overwriting math alphabet `\mathrm' in version `normal'
(Font)                  OT1/lmss/m/n --> T1/lmr/m/n on input line 153.
LaTeX Font Info:    Redeclaring math alphabet \mathbf on input line 153.
LaTeX Font Info:    Overwriting math alphabet `\mathbf' in version `normal'
(Font)                  OT1/lmr/bx/n --> T1/lmss/b/n on input line 153.
LaTeX Font Info:    Overwriting math alphabet `\mathbf' in version `bold'
(Font)                  OT1/lmr/bx/n --> T1/lmss/b/n on input line 153.
LaTeX Font Info:    Redeclaring math alphabet \mathsf on input line 153.
LaTeX Font Info:    Overwriting math alphabet `\mathsf' in version `normal'
(Font)                  OT1/lmss/m/n --> T1/lmss/m/n on input line 153.
LaTeX Font Info:    Overwriting math alphabet `\mathsf' in version `bold'
(Font)                  OT1/lmss/bx/n --> T1/lmss/m/n on input line 153.
LaTeX Font Info:    Redeclaring math alphabet \mathit on input line 153.
LaTeX Font Info:    Overwriting math alphabet `\mathit' in version `normal'
(Font)                  OT1/lmr/m/it --> T1/lmss/m/it on input line 153.
LaTeX Font Info:    Overwriting math alphabet `\mathit' in version `bold'
(Font)                  OT1/lmr/bx/it --> T1/lmss/m/it on input line 153.
LaTeX Font Info:    Redeclaring math alphabet \mathtt on input line 153.
LaTeX Font Info:    Overwriting math alphabet `\mathtt' in version `normal'
(Font)                  OT1/lmtt/m/n --> T1/lmtt/m/n on input line 153.
LaTeX Font Info:    Overwriting math alphabet `\mathtt' in version `bold'
(Font)                  OT1/lmtt/m/n --> T1/lmtt/m/n on input line 153.
LaTeX Font Info:    Overwriting symbol font `numbers' in version `bold'
(Font)                  T1/lmss/m/n --> T1/lmss/b/n on input line 153.
LaTeX Font Info:    Overwriting symbol font `pureletters' in version `bold'
(Font)                  T1/lmss/m/it --> T1/lmss/b/it on input line 153.
LaTeX Font Info:    Overwriting math alphabet `\mathrm' in version `bold'
(Font)                  OT1/lmss/b/n --> T1/lmr/b/n on input line 153.
LaTeX Font Info:    Overwriting math alphabet `\mathbf' in version `bold'
(Font)                  T1/lmss/b/n --> T1/lmss/b/n on input line 153.
LaTeX Font Info:    Overwriting math alphabet `\mathsf' in version `bold'
(Font)                  T1/lmss/m/n --> T1/lmss/b/n on input line 153.
LaTeX Font Info:    Overwriting math alphabet `\mathit' in version `bold'
(Font)                  T1/lmss/m/it --> T1/lmss/b/it on input line 153.
LaTeX Font Info:    Overwriting math alphabet `\mathtt' in version `bold'
(Font)                  T1/lmtt/m/n --> T1/lmtt/b/n on input line 153.

(c:/Users/jesse/AppData/Roaming/TinyTeX/texmf-dist/tex/latex/translator/transla
tor-basic-dictionary-English.dict
Dictionary: translator-basic-dictionary, Language: English 
)
(c:/Users/jesse/AppData/Roaming/TinyTeX/texmf-dist/tex/latex/translator/transla
tor-bibliography-dictionary-English.dict
Dictionary: translator-bibliography-dictionary, Language: English 
)
(c:/Users/jesse/AppData/Roaming/TinyTeX/texmf-dist/tex/latex/translator/transla
tor-environment-dictionary-English.dict
Dictionary: translator-environment-dictionary, Language: English 
)
(c:/Users/jesse/AppData/Roaming/TinyTeX/texmf-dist/tex/latex/translator/transla
tor-months-dictionary-English.dict
Dictionary: translator-months-dictionary, Language: English 
)
(c:/Users/jesse/AppData/Roaming/TinyTeX/texmf-dist/tex/latex/translator/transla
tor-numbers-dictionary-English.dict
Dictionary: translator-numbers-dictionary, Language: English 
)
(c:/Users/jesse/AppData/Roaming/TinyTeX/texmf-dist/tex/latex/translator/transla
tor-theorem-dictionary-English.dict
Dictionary: translator-theorem-dictionary, Language: English 
) (./presentationGenerator.nav)
Overfull \vbox (44.55624pt too high) detected at line 154
 []

[1

{c:/Users/jesse/AppData/Roaming/TinyTeX/texmf-var/fonts/map/pdftex/updmap/pdfte
x.map}]
LaTeX Font Info:    Trying to load font information for TS1+lmss on input line 
182.
(c:/Users/jesse/AppData/Roaming/TinyTeX/texmf-dist/tex/latex/lm/ts1lmss.fd
File: ts1lmss.fd 2009/10/30 v1.6 Font defs for Latin Modern
) [2

]pdfTeX warning (ext4): destination with the same identifier (name{popular-meth
ods-in-time-to-event-analysis}) has been already used, duplicate ignored
<to be read again> 
                   \relax 
l.182 \end{frame}
                  [3

]pdfTeX warning (ext4): destination with the same identifier (name{popular-meth
ods-in-time-to-event-analysis}) has been already used, duplicate ignored
<to be read again> 
                   \relax 
l.182 \end{frame}
                  [4

]pdfTeX warning (ext4): destination with the same identifier (name{popular-meth
ods-in-time-to-event-analysis}) has been already used, duplicate ignored
<to be read again> 
                   \relax 
l.182 \end{frame}
                  [5

]pdfTeX warning (ext4): destination with the same identifier (name{popular-meth
ods-in-time-to-event-analysis}) has been already used, duplicate ignored
<to be read again> 
                   \relax 
l.182 \end{frame}
                  [6

] [7

]pdfTeX warning (ext4): destination with the same identifier (name{motivations-
for-a-new-method}) has been already used, duplicate ignored
<to be read again> 
                   \relax 
l.203 \end{frame}
                  [8

]pdfTeX warning (ext4): destination with the same identifier (name{motivations-
for-a-new-method}) has been already used, duplicate ignored
<to be read again> 
                   \relax 
l.203 \end{frame}
                  [9

]pdfTeX warning (ext4): destination with the same identifier (name{motivations-
for-a-new-method}) has been already used, duplicate ignored
<to be read again> 
                   \relax 
l.203 \end{frame}
                  [10

]
<coxquote.png, id=71, 852.18375pt x 596.2275pt>
File: coxquote.png Graphic file (type png)
<use coxquote.png>
Package pdftex.def Info: coxquote.png  used on input line 210.
(pdftex.def)             Requested size: 307.29303pt x 214.99654pt.

Overfull \vbox (3.2507pt too high) detected at line 210
 []

[11

 <./coxquote.png>] [12

]pdfTeX warning (ext4): destination with the same identifier (name{index-pt-2.}
) has been already used, duplicate ignored
<to be read again> 
                   \relax 
l.233 \end{frame}
                  [13

]pdfTeX warning (ext4): destination with the same identifier (name{index-pt-2.}
) has been already used, duplicate ignored
<to be read again> 
                   \relax 
l.233 \end{frame}
                  [14

]pdfTeX warning (ext4): destination with the same identifier (name{index-pt-2.}
) has been already used, duplicate ignored
<to be read again> 
                   \relax 
l.233 \end{frame}
                  [15

]pdfTeX warning (ext4): destination with the same identifier (name{index-pt-2.}
) has been already used, duplicate ignored
<to be read again> 
                   \relax 
l.233 \end{frame}
                  [16

]pdfTeX warning (ext4): destination with the same identifier (name{index-pt-2.}
) has been already used, duplicate ignored
<to be read again> 
                   \relax 
l.233 \end{frame}
                  [17

]pdfTeX warning (ext4): destination with the same identifier (name{index-pt-2.}
) has been already used, duplicate ignored
<to be read again> 
                   \relax 
l.233 \end{frame}
                  [18

] [19

]pdfTeX warning (ext4): destination with the same identifier (name{support-data
set-knaus}) has been already used, duplicate ignored
<to be read again> 
                   \relax 
l.255 \end{frame}
                  [20

]pdfTeX warning (ext4): destination with the same identifier (name{support-data
set-knaus}) has been already used, duplicate ignored
<to be read again> 
                   \relax 
l.255 \end{frame}
                  [21

]pdfTeX warning (ext4): destination with the same identifier (name{support-data
set-knaus}) has been already used, duplicate ignored
<to be read again> 
                   \relax 
l.255 \end{frame}
                  [22

]pdfTeX warning (ext4): destination with the same identifier (name{support-data
set-knaus}) has been already used, duplicate ignored
<to be read again> 
                   \relax 
l.255 \end{frame}
                  [23

]pdfTeX warning (ext4): destination with the same identifier (name{support-data
set-knaus}) has been already used, duplicate ignored
<to be read again> 
                   \relax 
l.255 \end{frame}
                  [24

]
LaTeX Font Info:    Trying to load font information for OT1+lmss on input line 
285.
(c:/Users/jesse/AppData/Roaming/TinyTeX/texmf-dist/tex/latex/lm/ot1lmss.fd
File: ot1lmss.fd 2009/10/30 v1.6 Font defs for Latin Modern
)
LaTeX Font Info:    Trying to load font information for OML+lmm on input line 2
85.
(c:/Users/jesse/AppData/Roaming/TinyTeX/texmf-dist/tex/latex/lm/omllmm.fd
File: omllmm.fd 2009/10/30 v1.6 Font defs for Latin Modern
)
LaTeX Font Info:    Trying to load font information for OMS+lmsy on input line 
285.
(c:/Users/jesse/AppData/Roaming/TinyTeX/texmf-dist/tex/latex/lm/omslmsy.fd
File: omslmsy.fd 2009/10/30 v1.6 Font defs for Latin Modern
)
LaTeX Font Info:    Trying to load font information for OMX+lmex on input line 
285.
(c:/Users/jesse/AppData/Roaming/TinyTeX/texmf-dist/tex/latex/lm/omxlmex.fd
File: omxlmex.fd 2009/10/30 v1.6 Font defs for Latin Modern
)
LaTeX Font Info:    External font `lmex10' loaded for size
(Font)              <10.95> on input line 285.
LaTeX Font Info:    External font `lmex10' loaded for size
(Font)              <8> on input line 285.
LaTeX Font Info:    External font `lmex10' loaded for size
(Font)              <6> on input line 285.
LaTeX Font Info:    Trying to load font information for U+msa on input line 285
.
(c:/Users/jesse/AppData/Roaming/TinyTeX/texmf-dist/tex/latex/amsfonts/umsa.fd
File: umsa.fd 2013/01/14 v3.01 AMS symbols A
)
LaTeX Font Info:    Trying to load font information for U+msb on input line 285
.
(c:/Users/jesse/AppData/Roaming/TinyTeX/texmf-dist/tex/latex/amsfonts/umsb.fd
File: umsb.fd 2013/01/14 v3.01 AMS symbols B
)
LaTeX Font Info:    Font shape `T1/lmss/m/it' in size <10.95> not available
(Font)              Font shape `T1/lmss/m/sl' tried instead on input line 285.
LaTeX Font Info:    Font shape `T1/lmss/m/it' in size <8> not available
(Font)              Font shape `T1/lmss/m/sl' tried instead on input line 285.
LaTeX Font Info:    Font shape `T1/lmss/m/it' in size <6> not available
(Font)              Font shape `T1/lmss/m/sl' tried instead on input line 285.

Overfull \hbox (21.92297pt too wide) in paragraph at lines 285--285
 [] 
 []


Overfull \vbox (20.51198pt too high) detected at line 285
 []

[25

] [26

]pdfTeX warning (ext4): destination with the same identifier (name{support-auto
mated-imputation}) has been already used, duplicate ignored
<to be read again> 
                   \relax 
l.307 \end{frame}
                  [27

]pdfTeX warning (ext4): destination with the same identifier (name{support-auto
mated-imputation}) has been already used, duplicate ignored
<to be read again> 
                   \relax 
l.307 \end{frame}
                  [28

]pdfTeX warning (ext4): destination with the same identifier (name{support-auto
mated-imputation}) has been already used, duplicate ignored
<to be read again> 
                   \relax 
l.307 \end{frame}
                  [29

] [30

]pdfTeX warning (ext4): destination with the same identifier (name{removed-vari
ables-knaus}) has been already used, duplicate ignored
<to be read again> 
                   \relax 
l.328 \end{frame}
                  [31

]pdfTeX warning (ext4): destination with the same identifier (name{removed-vari
ables-knaus}) has been already used, duplicate ignored
<to be read again> 
                   \relax 
l.328 \end{frame}
                  [32

]pdfTeX warning (ext4): destination with the same identifier (name{removed-vari
ables-knaus}) has been already used, duplicate ignored
<to be read again> 
                   \relax 
l.328 \end{frame}
                  [33

]pdfTeX warning (ext4): destination with the same identifier (name{removed-vari
ables-knaus}) has been already used, duplicate ignored
<to be read again> 
                   \relax 
l.328 \end{frame}
                  [34

]pdfTeX warning (ext4): destination with the same identifier (name{removed-vari
ables-knaus}) has been already used, duplicate ignored
<to be read again> 
                   \relax 
l.328 \end{frame}
                  [35

] [36

]pdfTeX warning (ext4): destination with the same identifier (name{variable-ove
rview-knaus}) has been already used, duplicate ignored
<to be read again> 
                   \relax 
l.365 \end{frame}
                  [37

]pdfTeX warning (ext4): destination with the same identifier (name{variable-ove
rview-knaus}) has been already used, duplicate ignored
<to be read again> 
                   \relax 
l.365 \end{frame}
                  [38

]pdfTeX warning (ext4): destination with the same identifier (name{variable-ove
rview-knaus}) has been already used, duplicate ignored
<to be read again> 
                   \relax 
l.365 \end{frame}
                  [39

]pdfTeX warning (ext4): destination with the same identifier (name{variable-ove
rview-knaus}) has been already used, duplicate ignored
<to be read again> 
                   \relax 
l.365 \end{frame}
                  [40

]pdfTeX warning (ext4): destination with the same identifier (name{variable-ove
rview-knaus}) has been already used, duplicate ignored
<to be read again> 
                   \relax 
l.365 \end{frame}
                  [41

]pdfTeX warning (ext4): destination with the same identifier (name{variable-ove
rview-knaus}) has been already used, duplicate ignored
<to be read again> 
                   \relax 
l.365 \end{frame}
                  [42

]pdfTeX warning (ext4): destination with the same identifier (name{variable-ove
rview-knaus}) has been already used, duplicate ignored
<to be read again> 
                   \relax 
l.365 \end{frame}
                  [43

]pdfTeX warning (ext4): destination with the same identifier (name{variable-ove
rview-knaus}) has been already used, duplicate ignored
<to be read again> 
                   \relax 
l.365 \end{frame}
                  [44

]pdfTeX warning (ext4): destination with the same identifier (name{variable-ove
rview-knaus}) has been already used, duplicate ignored
<to be read again> 
                   \relax 
l.365 \end{frame}
                  [45

] [46

]pdfTeX warning (ext4): destination with the same identifier (name{original-sup
port-analysis-knaus}) has been already used, duplicate ignored
<to be read again> 
                   \relax 
l.380 \end{frame}
                  [47

]pdfTeX warning (ext4): destination with the same identifier (name{original-sup
port-analysis-knaus}) has been already used, duplicate ignored
<to be read again> 
                   \relax 
l.380 \end{frame}
                  [48

] [49

] [50

]pdfTeX warning (ext4): destination with the same identifier (name{support-ques
tion}) has been already used, duplicate ignored
<to be read again> 
                   \relax 
l.404 \end{frame}
                  [51

] [52

]pdfTeX warning (ext4): destination with the same identifier (name{analysis-pro
cess}) has been already used, duplicate ignored
<to be read again> 
                   \relax 
l.431 \end{frame}
                  [53

]pdfTeX warning (ext4): destination with the same identifier (name{analysis-pro
cess}) has been already used, duplicate ignored
<to be read again> 
                   \relax 
l.431 \end{frame}
                  [54

]pdfTeX warning (ext4): destination with the same identifier (name{analysis-pro
cess}) has been already used, duplicate ignored
<to be read again> 
                   \relax 
l.431 \end{frame}
                  [55

]pdfTeX warning (ext4): destination with the same identifier (name{analysis-pro
cess}) has been already used, duplicate ignored
<to be read again> 
                   \relax 
l.431 \end{frame}
                  [56

]pdfTeX warning (ext4): destination with the same identifier (name{analysis-pro
cess}) has been already used, duplicate ignored
<to be read again> 
                   \relax 
l.431 \end{frame}
                  [57

]
<presentationGenerator_files/figure-beamer/SPSvsAPS-1.pdf, id=331, 722.7pt x 50
5.89pt>
File: presentationGenerator_files/figure-beamer/SPSvsAPS-1.pdf Graphic file (ty
pe pdf)
<use presentationGenerator_files/figure-beamer/SPSvsAPS-1.pdf>
Package pdftex.def Info: presentationGenerator_files/figure-beamer/SPSvsAPS-1.p
df  used on input line 438.
(pdftex.def)             Requested size: 276.55865pt x 193.59105pt.
[58

 <./presentationGenerator_files/figure-beamer/SPSvsAPS-1.pdf>]
<presentationGenerator_files/figure-beamer/SPSvsKM-1.pdf, id=343, 722.7pt x 505
.89pt>
File: presentationGenerator_files/figure-beamer/SPSvsKM-1.pdf Graphic file (typ
e pdf)
<use presentationGenerator_files/figure-beamer/SPSvsKM-1.pdf>
Package pdftex.def Info: presentationGenerator_files/figure-beamer/SPSvsKM-1.pd
f  used on input line 445.
(pdftex.def)             Requested size: 276.55865pt x 193.59105pt.
[59

 <./presentationGenerator_files/figure-beamer/SPSvsKM-1.pdf>]
<presentationGenerator_files/figure-beamer/FullvsKM-1.pdf, id=355, 722.7pt x 50
5.89pt>
File: presentationGenerator_files/figure-beamer/FullvsKM-1.pdf Graphic file (ty
pe pdf)
<use presentationGenerator_files/figure-beamer/FullvsKM-1.pdf>
Package pdftex.def Info: presentationGenerator_files/figure-beamer/FullvsKM-1.p
df  used on input line 452.
(pdftex.def)             Requested size: 276.55865pt x 193.59105pt.
[60

 <./presentationGenerator_files/figure-beamer/FullvsKM-1.pdf>]
<presentationGenerator_files/figure-beamer/unnamed-chunk-1-1.pdf, id=367, 722.7
pt x 505.89pt>
File: presentationGenerator_files/figure-beamer/unnamed-chunk-1-1.pdf Graphic f
ile (type pdf)
<use presentationGenerator_files/figure-beamer/unnamed-chunk-1-1.pdf>
Package pdftex.def Info: presentationGenerator_files/figure-beamer/unnamed-chun
k-1-1.pdf  used on input line 459.
(pdftex.def)             Requested size: 276.55865pt x 193.59105pt.
[61

 <./presentationGenerator_files/figure-beamer/unnamed-chunk-1-1.pdf>] [62

] [63

]pdfTeX warning (ext4): destination with the same identifier (name{casebase-sam
pling-overview}) has been already used, duplicate ignored
<to be read again> 
                   \relax 
l.496 \end{frame}
                  [64

]pdfTeX warning (ext4): destination with the same identifier (name{casebase-sam
pling-overview}) has been already used, duplicate ignored
<to be read again> 
                   \relax 
l.496 \end{frame}
                  [65

]pdfTeX warning (ext4): destination with the same identifier (name{casebase-sam
pling-overview}) has been already used, duplicate ignored
<to be read again> 
                   \relax 
l.496 \end{frame}
                  [66

]pdfTeX warning (ext4): destination with the same identifier (name{casebase-sam
pling-overview}) has been already used, duplicate ignored
<to be read again> 
                   \relax 
l.496 \end{frame}
                  [67

]
<presentationGenerator_files/figure-beamer/DataModel-1.pdf, id=415, 722.7pt x 5
05.89pt>
File: presentationGenerator_files/figure-beamer/DataModel-1.pdf Graphic file (t
ype pdf)
<use presentationGenerator_files/figure-beamer/DataModel-1.pdf>
Package pdftex.def Info: presentationGenerator_files/figure-beamer/DataModel-1.
pdf  used on input line 503.
(pdftex.def)             Requested size: 276.55865pt x 193.59105pt.
[68

 <./presentationGenerator_files/figure-beamer/DataModel-1.pdf>]
<presentationGenerator_files/figure-beamer/unnamed-chunk-2-1.pdf, id=427, 722.7
pt x 505.89pt>
File: presentationGenerator_files/figure-beamer/unnamed-chunk-2-1.pdf Graphic f
ile (type pdf)
<use presentationGenerator_files/figure-beamer/unnamed-chunk-2-1.pdf>
Package pdftex.def Info: presentationGenerator_files/figure-beamer/unnamed-chun
k-2-1.pdf  used on input line 510.
(pdftex.def)             Requested size: 276.55865pt x 193.59105pt.
[69

 <./presentationGenerator_files/figure-beamer/unnamed-chunk-2-1.pdf>]
<presentationGenerator_files/figure-beamer/unnamed-chunk-3-1.pdf, id=439, 722.7
pt x 505.89pt>
File: presentationGenerator_files/figure-beamer/unnamed-chunk-3-1.pdf Graphic f
ile (type pdf)
<use presentationGenerator_files/figure-beamer/unnamed-chunk-3-1.pdf>
Package pdftex.def Info: presentationGenerator_files/figure-beamer/unnamed-chun
k-3-1.pdf  used on input line 517.
(pdftex.def)             Requested size: 276.55865pt x 193.59105pt.
[70

 <./presentationGenerator_files/figure-beamer/unnamed-chunk-3-1.pdf>]
<presentationGenerator_files/figure-beamer/unnamed-chunk-4-1.pdf, id=451, 722.7
pt x 505.89pt>
File: presentationGenerator_files/figure-beamer/unnamed-chunk-4-1.pdf Graphic f
ile (type pdf)
<use presentationGenerator_files/figure-beamer/unnamed-chunk-4-1.pdf>
Package pdftex.def Info: presentationGenerator_files/figure-beamer/unnamed-chun
k-4-1.pdf  used on input line 524.
(pdftex.def)             Requested size: 276.55865pt x 193.59105pt.
[71

 <./presentationGenerator_files/figure-beamer/unnamed-chunk-4-1.pdf>]
<presentationGenerator_files/figure-beamer/unnamed-chunk-5-1.pdf, id=463, 722.7
pt x 505.89pt>
File: presentationGenerator_files/figure-beamer/unnamed-chunk-5-1.pdf Graphic f
ile (type pdf)
<use presentationGenerator_files/figure-beamer/unnamed-chunk-5-1.pdf>
Package pdftex.def Info: presentationGenerator_files/figure-beamer/unnamed-chun
k-5-1.pdf  used on input line 531.
(pdftex.def)             Requested size: 276.55865pt x 193.59105pt.
[72

 <./presentationGenerator_files/figure-beamer/unnamed-chunk-5-1.pdf>] [73

]pdfTeX warning (ext4): destination with the same identifier (name{casebase-sam
pling-5}) has been already used, duplicate ignored
<to be read again> 
                   \relax 
l.550 \end{frame}
                  [74

]pdfTeX warning (ext4): destination with the same identifier (name{casebase-sam
pling-5}) has been already used, duplicate ignored
<to be read again> 
                   \relax 
l.550 \end{frame}
                  [75

]pdfTeX warning (ext4): destination with the same identifier (name{casebase-sam
pling-5}) has been already used, duplicate ignored
<to be read again> 
                   \relax 
l.550 \end{frame}
                  [76

]
<presentationGenerator_files/figure-beamer/unnamed-chunk-6-1.pdf, id=501, 722.7
pt x 505.89pt>
File: presentationGenerator_files/figure-beamer/unnamed-chunk-6-1.pdf Graphic f
ile (type pdf)
<use presentationGenerator_files/figure-beamer/unnamed-chunk-6-1.pdf>
Package pdftex.def Info: presentationGenerator_files/figure-beamer/unnamed-chun
k-6-1.pdf  used on input line 559.
(pdftex.def)             Requested size: 276.55865pt x 193.59105pt.

Overfull \vbox (8.34763pt too high) detected at line 559
 []

[77

 <./presentationGenerator_files/figure-beamer/unnamed-chunk-6-1.pdf>] [78

] [79

] [80

]
Overfull \hbox (24.15134pt too wide) detected at line 588
\T1/lmss/m/sl/10.95 log\OT1/lmss/m/n/10.95 (\T1/lmss/m/sl/10.95 l\OT1/lmss/m/n/
10.95 (\OML/lmm/m/it/10.95 ^^L\OT1/lmss/m/n/10.95 )) = []([] \T1/lmss/m/sl/10.9
5 x[]\OML/lmm/m/it/10.95 ^^L[] \OT1/lmss/m/n/10.95 + [][]) \OMS/lmsy/m/n/10.95 
^^@ \T1/lmss/m/sl/10.95 n[]log\OT1/lmss/m/n/10.95 (\T1/lmss/m/n/10.95 1 \OT1/lm
ss/m/n/10.95 + \T1/lmss/m/sl/10.95 e[]\OT1/lmss/m/n/10.95 )[][]
 []

[81

] [82

]pdfTeX warning (ext4): destination with the same identifier (name{casebase-par
ametric-families}) has been already used, duplicate ignored
<to be read again> 
                   \relax 
l.603 \end{frame}
                  [83

]
\openout4 = `presentationGenerator.vrb'.

(./presentationGenerator.vrb
LaTeX Font Info:    Trying to load font information for T1+lmtt on input line 7
.
(c:/Users/jesse/AppData/Roaming/TinyTeX/texmf-dist/tex/latex/lm/t1lmtt.fd
File: t1lmtt.fd 2009/10/30 v1.6 Font defs for Latin Modern
)
LaTeX Font Info:    Font shape `T1/lmtt/bx/n' in size <10.95> not available
(Font)              Font shape `T1/lmtt/b/n' tried instead on input line 8.
) [84

] [85

]pdfTeX warning (ext4): destination with the same identifier (name{absolute-ris
k}) has been already used, duplicate ignored
<to be read again> 
                   \relax 
l.651 \end{frame}
                  [86

]pdfTeX warning (ext4): destination with the same identifier (name{absolute-ris
k}) has been already used, duplicate ignored
<to be read again> 
                   \relax 
l.651 \end{frame}
                  [87

]pdfTeX warning (ext4): destination with the same identifier (name{absolute-ris
k}) has been already used, duplicate ignored
<to be read again> 
                   \relax 
l.651 \end{frame}
                  [88

]pdfTeX warning (ext4): destination with the same identifier (name{absolute-ris
k}) has been already used, duplicate ignored
<to be read again> 
                   \relax 
l.651 \end{frame}
                  [89

] [90

]pdfTeX warning (ext4): destination with the same identifier (name{models-to-be
-compared}) has been already used, duplicate ignored
<to be read again> 
                   \relax 
l.671 \end{frame}
                  [91

]pdfTeX warning (ext4): destination with the same identifier (name{models-to-be
-compared}) has been already used, duplicate ignored
<to be read again> 
                   \relax 
l.671 \end{frame}
                  [92

]pdfTeX warning (ext4): destination with the same identifier (name{models-to-be
-compared}) has been already used, duplicate ignored
<to be read again> 
                   \relax 
l.671 \end{frame}
                  [93

]pdfTeX warning (ext4): destination with the same identifier (name{models-to-be
-compared}) has been already used, duplicate ignored
<to be read again> 
                   \relax 
l.671 \end{frame}
                  [94

]
<presentationGenerator_files/figure-beamer/unnamed-chunk-10-1.pdf, id=616, 722.
7pt x 505.89pt>
File: presentationGenerator_files/figure-beamer/unnamed-chunk-10-1.pdf Graphic 
file (type pdf)
<use presentationGenerator_files/figure-beamer/unnamed-chunk-10-1.pdf>
Package pdftex.def Info: presentationGenerator_files/figure-beamer/unnamed-chun
k-10-1.pdf  used on input line 678.
(pdftex.def)             Requested size: 307.2923pt x 215.1046pt.

Overfull \vbox (3.35876pt too high) detected at line 678
 []

[95

 <./presentationGenerator_files/figure-beamer/unnamed-chunk-10-1.pdf>] [96

]pdfTeX warning (ext4): destination with the same identifier (name{future-work}
) has been already used, duplicate ignored
<to be read again> 
                   \relax 
l.691 \end{frame}
                  [97

] [98

] [99

] [100

] [101

]
\tf@nav=\write7
\openout7 = `presentationGenerator.nav'.

\tf@toc=\write8
\openout8 = `presentationGenerator.toc'.

\tf@snm=\write9
\openout9 = `presentationGenerator.snm'.

Package atveryend Info: Empty hook `BeforeClearDocument' on input line 757.
Package atveryend Info: Empty hook `AfterLastShipout' on input line 757.
(./presentationGenerator.aux)
Package atveryend Info: Executing hook `AtVeryEndDocument' on input line 757.
Package atveryend Info: Executing hook `AtEndAfterFileList' on input line 757.
Package rerunfilecheck Info: File `presentationGenerator.out' has not changed.
(rerunfilecheck)             Checksum: D41D8CD98F00B204E9800998ECF8427E;0.
 ) 
Here is how much of TeX's memory you used:
 25215 strings out of 483172
 488699 string characters out of 5964205
 697791 words of memory out of 5000000
 39420 multiletter control sequences out of 15000+600000
 584822 words of font info for 60 fonts, out of 8000000 for 9000
 14 hyphenation exceptions out of 8191
 66i,13n,88p,1822b,574s stack positions out of 5000i,500n,10000p,200000b,80000s
{c:/Users/jesse/AppData/Roaming/TinyTeX/texmf-dist/fonts/enc/dvips/lm/lm-ec.e
nc}{c:/Users/jesse/AppData/Roaming/TinyTeX/texmf-dist/fonts/enc/dvips/lm/lm-mat
hex.enc}{c:/Users/jesse/AppData/Roaming/TinyTeX/texmf-dist/fonts/enc/dvips/lm/l
m-mathit.enc}{c:/Users/jesse/AppData/Roaming/TinyTeX/texmf-dist/fonts/enc/dvips
/lm/lm-mathsy.enc}{c:/Users/jesse/AppData/Roaming/TinyTeX/texmf-dist/fonts/enc/
dvips/lm/lm-rm.enc}{c:/Users/jesse/AppData/Roaming/TinyTeX/texmf-dist/fonts/enc
/dvips/lm/lm-ts1.enc}<c:/Users/jesse/AppData/Roaming/TinyTeX/texmf-dist/fonts/t
ype1/public/lm/lmex10.pfb><c:/Users/jesse/AppData/Roaming/TinyTeX/texmf-dist/fo
nts/type1/public/lm/lmmi10.pfb><c:/Users/jesse/AppData/Roaming/TinyTeX/texmf-di
st/fonts/type1/public/lm/lmmi8.pfb><c:/Users/jesse/AppData/Roaming/TinyTeX/texm
f-dist/fonts/type1/public/lm/lmss10.pfb><c:/Users/jesse/AppData/Roaming/TinyTeX
/texmf-dist/fonts/type1/public/lm/lmss8.pfb><c:/Users/jesse/AppData/Roaming/Tin
yTeX/texmf-dist/fonts/type1/public/lm/lmssbx10.pfb><c:/Users/jesse/AppData/Roam
ing/TinyTeX/texmf-dist/fonts/type1/public/lm/lmsso10.pfb><c:/Users/jesse/AppDat
a/Roaming/TinyTeX/texmf-dist/fonts/type1/public/lm/lmsso8.pfb><c:/Users/jesse/A
ppData/Roaming/TinyTeX/texmf-dist/fonts/type1/public/lm/lmsy10.pfb><c:/Users/je
sse/AppData/Roaming/TinyTeX/texmf-dist/fonts/type1/public/lm/lmsy8.pfb><c:/User
s/jesse/AppData/Roaming/TinyTeX/texmf-dist/fonts/type1/public/lm/lmtk10.pfb><c:
/Users/jesse/AppData/Roaming/TinyTeX/texmf-dist/fonts/type1/public/lm/lmtt10.pf
b>
Output written on presentationGenerator.pdf (101 pages, 3498489 bytes).
PDF statistics:
 775 PDF objects out of 1000 (max. 8388607)
 623 compressed objects within 7 object streams
 244 named destinations out of 1000 (max. 500000)
 103 words of extra memory for PDF output out of 10000 (max. 10000000)

